[debug] [2024-01-28T15:15:23.801Z] ----------------------------------------------------------------------
[debug] [2024-01-28T15:15:23.804Z] Command:       /usr/local/bin/node /usr/local/bin/firebase init
[debug] [2024-01-28T15:15:23.804Z] CLI Version:   13.1.0
[debug] [2024-01-28T15:15:23.804Z] Platform:      darwin
[debug] [2024-01-28T15:15:23.804Z] Node Version:  v18.16.0
[debug] [2024-01-28T15:15:23.805Z] Time:          Sun Jan 28 2024 19:15:23 GMT+0400 (Gulf Standard Time)
[debug] [2024-01-28T15:15:23.805Z] ----------------------------------------------------------------------
[debug] 
[debug] [2024-01-28T15:15:23.811Z] > command requires scopes: ["email","openid","https://www.googleapis.com/auth/cloudplatformprojects.readonly","https://www.googleapis.com/auth/firebase","https://www.googleapis.com/auth/cloud-platform"]
[debug] [2024-01-28T15:15:23.811Z] > authorizing via signed-in user (muhammadsaif713@gmail.com)
[info] 
     ######## #### ########  ######## ########     ###     ######  ########
     ##        ##  ##     ## ##       ##     ##  ##   ##  ##       ##
     ######    ##  ########  ######   ########  #########  ######  ######
     ##        ##  ##    ##  ##       ##     ## ##     ##       ## ##
     ##       #### ##     ## ######## ########  ##     ##  ######  ########

You're about to initialize a Firebase project in this directory:

  /Users/saifnasir/Desktop/todo_list

[info] 
=== Project Setup
[info] 
[info] First, let's associate this project directory with a Firebase project.
[info] You can create multiple project aliases by running firebase use --add, 
[info] but for now we'll just set up a default project.
[info] 
[debug] [2024-01-28T15:16:07.099Z] >>> [apiv2][query] GET https://firebase.googleapis.com/v1beta1/projects pageSize=100
[debug] [2024-01-28T15:16:07.942Z] <<< [apiv2][status] GET https://firebase.googleapis.com/v1beta1/projects 200
[debug] [2024-01-28T15:16:07.943Z] <<< [apiv2][body] GET https://firebase.googleapis.com/v1beta1/projects [omitted]
[info] i  Using project todolist-70726 (todolist) 
[info] 
=== Hosting Setup
[debug] [2024-01-28T15:17:28.115Z] >>> [apiv2][query] GET https://firebase.googleapis.com/v1beta1/projects/todolist-70726 [none]
[debug] [2024-01-28T15:17:28.536Z] <<< [apiv2][status] GET https://firebase.googleapis.com/v1beta1/projects/todolist-70726 200
[debug] [2024-01-28T15:17:28.536Z] <<< [apiv2][body] GET https://firebase.googleapis.com/v1beta1/projects/todolist-70726 {"projectId":"todolist-70726","projectNumber":"681322743977","displayName":"todolist","name":"projects/todolist-70726","resources":{"hostingSite":"todolist-70726"},"state":"ACTIVE","etag":"1_0712bd9e-5ab0-4f8f-9313-82aa856b159d"}
[info] 
[info] Your public directory is the folder (relative to your project directory) that
[info] will contain Hosting assets to be uploaded with firebase deploy. If you
[info] have a build process for your assets, use your build's output directory.
[info] 
[info] ✔  Wrote public/404.html 
[debug] [2024-01-28T15:18:13.304Z] >>> [apiv2][query] GET https://www.gstatic.com/firebasejs/releases.json [none]
[debug] [2024-01-28T15:18:13.477Z] <<< [apiv2][status] GET https://www.gstatic.com/firebasejs/releases.json 200
[debug] [2024-01-28T15:18:13.478Z] <<< [apiv2][body] GET https://www.gstatic.com/firebasejs/releases.json {"current":{"version":"10.7.2","browserURL":"https://www.gstatic.com/firebasejs/10.7.2/firebase.js","packageURL":"https://www.gstatic.com/firebasejs/10.7.2/firebase.tgz"},"live":{"version":"10.7","browserURL":"https://www.gstatic.com/firebasejs/live/10.7/firebase.js","packageURL":"https://www.gstatic.com/firebasejs/live/10.7/firebase.tgz"},"components":{"analytics":"https://www.gstatic.com/firebasejs/10.7.2/firebase-analytics.js","app":"https://www.gstatic.com/firebasejs/10.7.2/firebase-app.js","app-check":"https://www.gstatic.com/firebasejs/10.7.2/firebase-app-check.js","auth":"https://www.gstatic.com/firebasejs/10.7.2/firebase-auth.js","auth/cordova":"https://www.gstatic.com/firebasejs/10.7.2/firebase-auth/cordova.js","functions":"https://www.gstatic.com/firebasejs/10.7.2/firebase-functions.js","firestore":"https://www.gstatic.com/firebasejs/10.7.2/firebase-firestore.js","firestore/lite":"https://www.gstatic.com/firebasejs/10.7.2/firebase-firestore/lite.js","installations":"https://www.gstatic.com/firebasejs/10.7.2/firebase-installations.js","storage":"https://www.gstatic.com/firebasejs/10.7.2/firebase-storage.js","performance":"https://www.gstatic.com/firebasejs/10.7.2/firebase-performance.js","remote-config":"https://www.gstatic.com/firebasejs/10.7.2/firebase-remote-config.js","messaging":"https://www.gstatic.com/firebasejs/10.7.2/firebase-messaging.js","messaging/sw":"https://www.gstatic.com/firebasejs/10.7.2/firebase-messaging/sw.js","database":"https://www.gstatic.com/firebasejs/10.7.2/firebase-database.js","firestore.memory":"https://www.gstatic.com/firebasejs/10.7.2/firebase-firestore.memory.js"}}
[info] i  Skipping write of public/index.html 
[info] 
[info] i  Detected a .git folder at /Users/saifnasir/Desktop/todo_list 
[info] i  Authorizing with GitHub to upload your service account to a GitHub repository's secrets store. 
[info] 
[info] Visit this URL on this device to log in:
[info] https://github.com/login/oauth/authorize?client_id=89cf50f02ac6aaed3484&state=983490376&redirect_uri=http%3A%2F%2Flocalhost%3A9005&scope=read%3Auser%20repo%20public_repo
[info] 
[info] Waiting for authentication...
[debug] [2024-01-28T15:19:46.334Z] >>> [apiv2][query] POST https://github.com/login/oauth/access_token [none]
[debug] [2024-01-28T15:19:46.334Z] >>> [apiv2][body] POST https://github.com/login/oauth/access_token [stream]
[debug] [2024-01-28T15:19:46.687Z] <<< [apiv2][status] POST https://github.com/login/oauth/access_token 200
[debug] [2024-01-28T15:19:46.687Z] <<< [apiv2][body] POST https://github.com/login/oauth/access_token {"access_token":"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","token_type":"bearer","scope":"read:user,repo"}
[debug] [2024-01-28T15:19:46.695Z] >>> [apiv2][query] GET https://api.github.com/user [none]
[debug] [2024-01-28T15:19:47.019Z] <<< [apiv2][status] GET https://api.github.com/user 200
[debug] [2024-01-28T15:19:47.019Z] <<< [apiv2][body] GET https://api.github.com/user {"login":"SaifNasir196","id":68247296,"node_id":"MDQ6VXNlcjY4MjQ3Mjk2","avatar_url":"https://avatars.githubusercontent.com/u/68247296?v=4","gravatar_id":"","url":"https://api.github.com/users/SaifNasir196","html_url":"https://github.com/SaifNasir196","followers_url":"https://api.github.com/users/SaifNasir196/followers","following_url":"https://api.github.com/users/SaifNasir196/following{/other_user}","gists_url":"https://api.github.com/users/SaifNasir196/gists{/gist_id}","starred_url":"https://api.github.com/users/SaifNasir196/starred{/owner}{/repo}","subscriptions_url":"https://api.github.com/users/SaifNasir196/subscriptions","organizations_url":"https://api.github.com/users/SaifNasir196/orgs","repos_url":"https://api.github.com/users/SaifNasir196/repos","events_url":"https://api.github.com/users/SaifNasir196/events{/privacy}","received_events_url":"https://api.github.com/users/SaifNasir196/received_events","type":"User","site_admin":false,"name":"Saif Nasir","company":null,"blog":"","location":null,"email":null,"hireable":null,"bio":null,"twitter_username":null,"public_repos":5,"public_gists":0,"followers":2,"following":2,"created_at":"2020-07-13T18:42:16Z","updated_at":"2024-01-28T15:18:24Z","private_gists":0,"total_private_repos":5,"owned_private_repos":5,"disk_usage":67311,"collaborators":2,"two_factor_authentication":false,"plan":{"name":"pro","space":976562499,"collaborators":0,"private_repos":9999}}
[info] 
[info] ✔  Success! Logged into GitHub as SaifNasir196 
[info] 
